<?xml version="1.0" encoding="utf-8" ?>
<!-- DO NOT EDIT THIS FILE -->

<log version='2.0' source='trc'>
	<msg id='1' display='false' source='trc'>
		<type>PROCESS_START</type>
		<severity>INFO</severity>
		<timestamp>Sun Nov  3 16:39:29 2024</timestamp>
		<arg name='process'>/home/xbahou00/avs/proj1/avs-proj1/build_advisor/mandelbrot</arg>
		<arg name='pid'>2305161</arg>
	</msg>
	<!-- Instrumentation filter's state:
    Patterns applicability:
        Generic loop pattern.....................: enabled
        Generic loop pattern (with dynamic jumps): enabled
        Known trip value loop pattern............: enabled
        Runtime final value loop pattern.........: enabled
        No initial IV loop pattern...............: enabled
        IV step only loop pattern................: enabled
        No entry loop pattern....................: enabled
    Clustered memory model (CMM) applicability:
        Generic loop pattern.....................: enabled
        Generic loop pattern (with dynamic jumps): enabled
        Known trip value loop pattern............: enabled
        Runtime final value loop pattern.........: enabled
        No initial IV loop pattern...............: enabled
        IV step only loop pattern................: enabled
        No entry loop pattern....................: disabled
 -->
	<!-- Callstack mode:
    filter modules.........: true
    filter routines........: true
    count loops............: false
    count flops............: false
    trace..................: false
    extended trace.........: false
    omp trace..............: false
    jit trace..............: false
    failures trace.........: false
    dump raw...............: false
    dump final.............: false
    dump all...............: false
    stack stitching........: true
    stl profiling..........: true
    aggressive frame switch: true
    unwind frame exit......: true
    analyze child loops....: true
 -->
	<!-- Managed application profiling: -->
	<!-- 	State...................: enabled -->
	<!-- Gpu Profiling: -->
	<!-- 	State: disabled -->
	<msg id='2' display='false' source='trc'>
		<type>PROCESS_ANALYSIS_MODE</type>
		<severity>INFO</severity>
		<timestamp>Sun Nov  3 16:39:29 2024</timestamp>
		<arg name='mode'>full</arg>
	</msg>
	<!-- Update image info for [1:0x400000:YN] /home/xbahou00/avs/proj1/avs-proj1/build_advisor/mandelbrot -->
	<msg id='3' display='false' source='trc'>
		<type>LOAD_MODULE</type>
		<severity>INFO</severity>
		<timestamp>Sun Nov  3 16:39:29 2024</timestamp>
		<arg name='module'>/home/xbahou00/avs/proj1/avs-proj1/build_advisor/mandelbrot</arg>
		<arg name='basement'>0x400000</arg>
		<arg name='ceiling'>0x45b8bf</arg>
		<arg name='symtab'>yes</arg>
	</msg>
	<!-- Instrumenting image: id = 1, name = /home/xbahou00/avs/proj1/avs-proj1/build_advisor/mandelbrot -->
	<!-- Instrumenting loops in routine "RefMandelCalculator::calculateMandelbrot" -->
	<!-- Instrumenting loops in routine "main" -->
	<!-- Instrumenting loops in routine "evaluateCalculator<RefMandelCalculator>" -->
	<!-- Update image info for [2:0x14C6B3F78000:YN] /lib64/ld-linux-x86-64.so.2 -->
	<msg id='4' display='false' source='trc'>
		<type>LOAD_MODULE</type>
		<severity>INFO</severity>
		<timestamp>Sun Nov  3 16:39:29 2024</timestamp>
		<arg name='module'>/lib64/ld-linux-x86-64.so.2</arg>
		<arg name='basement'>0x14c6b3f78000</arg>
		<arg name='ceiling'>0x14c6b41a61cf</arg>
		<arg name='symtab'>yes</arg>
	</msg>
	<!-- Instrumentation of /lib64/ld-linux-x86-64.so.2 image skipped because of filter conditions [cs-mode]. -->
	<!-- Update image info for [3:0x7FFD1719A000:NN] [vdso] -->
	<msg id='5' display='false' source='trc'>
		<type>LOAD_MODULE</type>
		<severity>INFO</severity>
		<timestamp>Sun Nov  3 16:39:29 2024</timestamp>
		<arg name='module'>[vdso]</arg>
		<arg name='basement'>0x7ffd1719a000</arg>
		<arg name='ceiling'>0x7ffd1719af5c</arg>
		<arg name='symtab'>no</arg>
	</msg>
	<!-- Instrumentation of [vdso] image skipped because of filter conditions [cs-mode]. -->
	<!-- Update image info for [4:0x14C69D278000:YN] /apps/all/zlib/1.2.12-GCCcore-11.3.0/lib/libz.so.1 -->
	<msg id='6' display='false' source='trc'>
		<type>LOAD_MODULE</type>
		<severity>INFO</severity>
		<timestamp>Sun Nov  3 16:39:29 2024</timestamp>
		<arg name='module'>/apps/all/zlib/1.2.12-GCCcore-11.3.0/lib/libz.so.1</arg>
		<arg name='basement'>0x14c69d278000</arg>
		<arg name='ceiling'>0x14c69d290180</arg>
		<arg name='symtab'>yes</arg>
	</msg>
	<!-- Instrumentation of /apps/all/zlib/1.2.12-GCCcore-11.3.0/lib/libz.so.1 image skipped because of filter conditions [cs-mode]. -->
	<!-- Update image info for [5:0x14C69CFE8000:YN] /apps/all/GCCcore/11.3.0/lib64/libstdc++.so.6 -->
	<msg id='7' display='false' source='trc'>
		<type>LOAD_MODULE</type>
		<severity>INFO</severity>
		<timestamp>Sun Nov  3 16:39:29 2024</timestamp>
		<arg name='module'>/apps/all/GCCcore/11.3.0/lib64/libstdc++.so.6</arg>
		<arg name='basement'>0x14c69cfe8000</arg>
		<arg name='ceiling'>0x14c69d2141bf</arg>
		<arg name='symtab'>yes</arg>
	</msg>
	<!-- Instrumentation of /apps/all/GCCcore/11.3.0/lib64/libstdc++.so.6 image skipped because of filter conditions [cs-mode]. -->
	<!-- Update image info for [6:0x14C69CC26000:YN] /lib64/libm.so.6 -->
	<msg id='8' display='false' source='trc'>
		<type>LOAD_MODULE</type>
		<severity>INFO</severity>
		<timestamp>Sun Nov  3 16:39:29 2024</timestamp>
		<arg name='module'>/lib64/libm.so.6</arg>
		<arg name='basement'>0x14c69cc26000</arg>
		<arg name='ceiling'>0x14c69cfa713f</arg>
		<arg name='symtab'>yes</arg>
	</msg>
	<!-- Instrumentation of /lib64/libm.so.6 image skipped because of filter conditions [cs-mode]. -->
	<!-- Update image info for [7:0x14C69CC0C000:YN] /apps/all/GCCcore/11.3.0/lib64/libgcc_s.so.1 -->
	<msg id='9' display='false' source='trc'>
		<type>LOAD_MODULE</type>
		<severity>INFO</severity>
		<timestamp>Sun Nov  3 16:39:29 2024</timestamp>
		<arg name='module'>/apps/all/GCCcore/11.3.0/lib64/libgcc_s.so.1</arg>
		<arg name='basement'>0x14c69cc0c000</arg>
		<arg name='ceiling'>0x14c69cc25447</arg>
		<arg name='symtab'>yes</arg>
	</msg>
	<!-- Instrumentation of /apps/all/GCCcore/11.3.0/lib64/libgcc_s.so.1 image skipped because of filter conditions [cs-mode]. -->
	<!-- Update image info for [8:0x14C69CA08000:YN] /lib64/libdl.so.2 -->
	<msg id='10' display='false' source='trc'>
		<type>LOAD_MODULE</type>
		<severity>INFO</severity>
		<timestamp>Sun Nov  3 16:39:29 2024</timestamp>
		<arg name='module'>/lib64/libdl.so.2</arg>
		<arg name='basement'>0x14c69ca08000</arg>
		<arg name='ceiling'>0x14c69cc0b12f</arg>
		<arg name='symtab'>yes</arg>
	</msg>
	<!-- Instrumentation of /lib64/libdl.so.2 image skipped because of filter conditions [cs-mode]. -->
	<!-- Update image info for [9:0x14C69C643000:YN] /lib64/libc.so.6 -->
	<msg id='11' display='false' source='trc'>
		<type>LOAD_MODULE</type>
		<severity>INFO</severity>
		<timestamp>Sun Nov  3 16:39:29 2024</timestamp>
		<arg name='module'>/lib64/libc.so.6</arg>
		<arg name='basement'>0x14c69c643000</arg>
		<arg name='ceiling'>0x14c69ca0773f</arg>
		<arg name='symtab'>yes</arg>
	</msg>
	<!-- Instrumentation of /lib64/libc.so.6 image skipped because of filter conditions. -->
	<msg id='12' display='false' source='trc'>
		<type>UNLOAD_MODULE</type>
		<severity>INFO</severity>
		<timestamp>Sun Nov  3 16:39:43 2024</timestamp>
		<arg name='module'>/home/xbahou00/avs/proj1/avs-proj1/build_advisor/mandelbrot</arg>
	</msg>
	<msg id='13' display='false' source='trc'>
		<type>UNLOAD_MODULE</type>
		<severity>INFO</severity>
		<timestamp>Sun Nov  3 16:39:43 2024</timestamp>
		<arg name='module'>/lib64/ld-linux-x86-64.so.2</arg>
	</msg>
	<msg id='14' display='false' source='trc'>
		<type>UNLOAD_MODULE</type>
		<severity>INFO</severity>
		<timestamp>Sun Nov  3 16:39:43 2024</timestamp>
		<arg name='module'>[vdso]</arg>
	</msg>
	<msg id='15' display='false' source='trc'>
		<type>UNLOAD_MODULE</type>
		<severity>INFO</severity>
		<timestamp>Sun Nov  3 16:39:43 2024</timestamp>
		<arg name='module'>/apps/all/zlib/1.2.12-GCCcore-11.3.0/lib/libz.so.1</arg>
	</msg>
	<msg id='16' display='false' source='trc'>
		<type>UNLOAD_MODULE</type>
		<severity>INFO</severity>
		<timestamp>Sun Nov  3 16:39:43 2024</timestamp>
		<arg name='module'>/apps/all/GCCcore/11.3.0/lib64/libstdc++.so.6</arg>
	</msg>
	<msg id='17' display='false' source='trc'>
		<type>UNLOAD_MODULE</type>
		<severity>INFO</severity>
		<timestamp>Sun Nov  3 16:39:43 2024</timestamp>
		<arg name='module'>/lib64/libm.so.6</arg>
	</msg>
	<msg id='18' display='false' source='trc'>
		<type>UNLOAD_MODULE</type>
		<severity>INFO</severity>
		<timestamp>Sun Nov  3 16:39:43 2024</timestamp>
		<arg name='module'>/apps/all/GCCcore/11.3.0/lib64/libgcc_s.so.1</arg>
	</msg>
	<msg id='19' display='false' source='trc'>
		<type>UNLOAD_MODULE</type>
		<severity>INFO</severity>
		<timestamp>Sun Nov  3 16:39:43 2024</timestamp>
		<arg name='module'>/lib64/libdl.so.2</arg>
	</msg>
	<msg id='20' display='false' source='trc'>
		<type>UNLOAD_MODULE</type>
		<severity>INFO</severity>
		<timestamp>Sun Nov  3 16:39:43 2024</timestamp>
		<arg name='module'>/lib64/libc.so.6</arg>
	</msg>
	<msg id='21' display='false' source='trc'>
		<type>PROCESS_FINISH</type>
		<severity>INFO</severity>
		<timestamp>Sun Nov  3 16:39:43 2024</timestamp>
		<arg name='process'>/home/xbahou00/avs/proj1/avs-proj1/build_advisor/mandelbrot</arg>
		<arg name='pid'>2305161</arg>
		<arg name='exitcode'>0x0</arg>
	</msg>
	<!-- Application exited with code 0 -->
</log>